<?xml version="1.0" encoding="UTF-8"?>
<!-- Generated by org.testng.reporters.JUnitXMLReporter -->
<testsuite ignored="0" hostname="LAPTOP-276SKN0I" failures="1" tests="4" name="Surefire test" time="12.173" errors="0" timestamp="2025-06-21T19:45:05 IST">
  <testcase classname="api.test.UserTests" name="testPostUser" time="4.729"/>
  <testcase classname="api.test.UserTests" name="testGetUserByName" time="1.513">
    <failure type="java.lang.AssertionError" message="expected [200] but found [404]">
      <![CDATA[java.lang.AssertionError: expected [200] but found [404]
at api.test.UserTests.testGetUserByName(UserTests.java:63)
at java.base/java.util.ArrayList.forEach(ArrayList.java:1604)
... Removed 37 stack frames]]>
    </failure>
  </testcase> <!-- testGetUserByName -->
  <testcase classname="api.test.UserTests" name="testUpdateByName" time="2.898"/>
  <testcase classname="api.test.UserTests" name="testDeleteUserByName" time="1.681"/>
</testsuite> <!-- Surefire test -->
