<?xml version="1.0" encoding="UTF-8"?>
<!-- Generated by org.testng.reporters.JUnitXMLReporter -->
<testsuite ignored="0" hostname="LAPTOP-276SKN0I" failures="2" tests="4" name="PetTest" time="12.216" errors="0" timestamp="2025-06-22T10:58:46 IST">
  <testcase classname="api.test.UserTests2" name="testPostUser" time="5.657"/>
  <testcase classname="api.test.UserTests2" name="testGetUserByName" time="1.641">
    <failure type="java.lang.AssertionError" message="expected [200] but found [404]">
      <![CDATA[java.lang.AssertionError: expected [200] but found [404]
at api.test.UserTests2.testGetUserByName(UserTests2.java:63)
at java.base/java.util.ArrayList.forEach(ArrayList.java:1604)
... Removed 36 stack frames]]>
    </failure>
  </testcase> <!-- testGetUserByName -->
  <testcase classname="api.test.UserTests2" name="testUpdateByName" time="3.328"/>
  <testcase classname="api.test.UserTests2" name="testDeleteUserByName" time="0.003">
    <failure type="java.util.MissingResourceException" message="Can&amp;apos;t find resource for bundle java.util.PropertyResourceBundle, key delete_URL">
      <![CDATA[java.util.MissingResourceException: Can't find resource for bundle java.util.PropertyResourceBundle, key delete_URL
at java.base/java.util.ResourceBundle.getObject(ResourceBundle.java:558)
at java.base/java.util.ResourceBundle.getString(ResourceBundle.java:514)
at api.endpoints.UserEndpoints2.deleteUser(UserEndpoints2.java:59)
at api.test.UserTests2.testDeleteUserByName(UserTests2.java:97)
at java.base/java.util.ArrayList.forEach(ArrayList.java:1604)
... Removed 29 stack frames]]>
    </failure>
  </testcase> <!-- testDeleteUserByName -->
</testsuite> <!-- PetTest -->
