<?xml version="1.0" encoding="UTF-8"?>
<!-- Generated by org.testng.reporters.JUnitXMLReporter -->
<testsuite ignored="0" hostname="LAPTOP-276SKN0I" failures="1" tests="4" name="PetTest" time="12.554" errors="0" timestamp="2025-06-22T10:54:55 IST">
  <testcase classname="api.test.UserTests2" name="testPostUser" time="5.598"/>
  <testcase classname="api.test.UserTests2" name="testGetUserByName" time="1.746"/>
  <testcase classname="api.test.UserTests2" name="testUpdateByName" time="3.498"/>
  <testcase classname="api.test.UserTests2" name="testDeleteUserByName" time="0.012">
    <failure type="java.util.MissingResourceException" message="Can&amp;apos;t find resource for bundle java.util.PropertyResourceBundle, key delete_URL">
      <![CDATA[java.util.MissingResourceException: Can't find resource for bundle java.util.PropertyResourceBundle, key delete_URL
at java.base/java.util.ResourceBundle.getObject(ResourceBundle.java:558)
at java.base/java.util.ResourceBundle.getString(ResourceBundle.java:514)
at api.endpoints.UserEndpoints2.deleteUser(UserEndpoints2.java:59)
at api.test.UserTests2.testDeleteUserByName(UserTests2.java:97)
at java.base/java.util.ArrayList.forEach(ArrayList.java:1604)
... Removed 25 stack frames]]>
    </failure>
  </testcase> <!-- testDeleteUserByName -->
</testsuite> <!-- PetTest -->
